<?xml version="1.0" encoding="UTF-8"?>
<coverage generated="1581915189998" clover="3.2.0">
  <project timestamp="1581915189998" name="All files">
    <metrics statements="188" coveredstatements="188" conditionals="108" coveredconditionals="108" methods="44" coveredmethods="44" elements="340" coveredelements="340" complexity="0" loc="188" ncloc="188" packages="1" files="5" classes="5"/>
    <file name="db.ts" path="/Users/ncardez/projects/pxt/src/db.ts">
      <metrics statements="57" coveredstatements="57" conditionals="44" coveredconditionals="44" methods="13" coveredmethods="13"/>
      <line num="1" count="2" type="stmt"/>
      <line num="2" count="2" type="stmt"/>
      <line num="3" count="2" type="stmt"/>
      <line num="5" count="2" type="stmt"/>
      <line num="8" count="36" type="stmt"/>
      <line num="42" count="3" type="stmt"/>
      <line num="43" count="3" type="stmt"/>
      <line num="44" count="3" type="stmt"/>
      <line num="45" count="3" type="cond" truecount="2" falsecount="0"/>
      <line num="46" count="3" type="stmt"/>
      <line num="47" count="3" type="cond" truecount="2" falsecount="0"/>
      <line num="48" count="1" type="stmt"/>
      <line num="50" count="2" type="stmt"/>
      <line num="56" count="3" type="stmt"/>
      <line num="57" count="3" type="stmt"/>
      <line num="58" count="3" type="stmt"/>
      <line num="59" count="3" type="cond" truecount="2" falsecount="0"/>
      <line num="60" count="3" type="stmt"/>
      <line num="61" count="3" type="cond" truecount="2" falsecount="0"/>
      <line num="62" count="1" type="stmt"/>
      <line num="64" count="2" type="stmt"/>
      <line num="70" count="3" type="stmt"/>
      <line num="71" count="3" type="stmt"/>
      <line num="72" count="3" type="stmt"/>
      <line num="73" count="3" type="cond" truecount="2" falsecount="0"/>
      <line num="74" count="3" type="stmt"/>
      <line num="75" count="3" type="cond" truecount="2" falsecount="0"/>
      <line num="76" count="1" type="stmt"/>
      <line num="78" count="2" type="stmt"/>
      <line num="84" count="16" type="cond" truecount="2" falsecount="0"/>
      <line num="85" count="15" type="stmt"/>
      <line num="93" count="15" type="cond" truecount="4" falsecount="0"/>
      <line num="96" count="2" type="stmt"/>
      <line num="97" count="49" type="stmt"/>
      <line num="112" count="49" type="stmt"/>
      <line num="121" count="49" type="stmt"/>
      <line num="122" count="48" type="cond" truecount="2" falsecount="0"/>
      <line num="123" count="47" type="cond" truecount="2" falsecount="0"/>
      <line num="124" count="33" type="cond" truecount="2" falsecount="0"/>
      <line num="125" count="3" type="stmt"/>
      <line num="127" count="33" type="cond" truecount="2" falsecount="0"/>
      <line num="128" count="6" type="stmt"/>
      <line num="131" count="33" type="cond" truecount="2" falsecount="0"/>
      <line num="132" count="6" type="cond" truecount="2" falsecount="0"/>
      <line num="133" count="3" type="stmt"/>
      <line num="137" count="33" type="cond" truecount="2" falsecount="0"/>
      <line num="138" count="3" type="stmt"/>
      <line num="141" count="33" type="cond" truecount="2" falsecount="0"/>
      <line num="142" count="7" type="cond" truecount="2" falsecount="0"/>
      <line num="143" count="6" type="stmt"/>
      <line num="148" count="47" type="cond" truecount="2" falsecount="0"/>
      <line num="149" count="10" type="cond" truecount="4" falsecount="0"/>
      <line num="150" count="5" type="stmt"/>
      <line num="151" count="5" type="cond" truecount="2" falsecount="0"/>
      <line num="152" count="4" type="stmt"/>
      <line num="159" count="49" type="stmt"/>
      <line num="161" count="2" type="stmt"/>
    </file>
    <file name="helpers.ts" path="/Users/ncardez/projects/pxt/src/helpers.ts">
      <metrics statements="24" coveredstatements="24" conditionals="7" coveredconditionals="7" methods="6" coveredmethods="6"/>
      <line num="3" count="4" type="stmt"/>
      <line num="5" count="4" type="stmt"/>
      <line num="10" count="6" type="stmt"/>
      <line num="11" count="6" type="stmt"/>
      <line num="12" count="6" type="stmt"/>
      <line num="13" count="6" type="stmt"/>
      <line num="14" count="4" type="cond" truecount="2" falsecount="0"/>
      <line num="15" count="2" type="stmt"/>
      <line num="17" count="2" type="stmt"/>
      <line num="21" count="1" type="stmt"/>
      <line num="27" count="4" type="stmt"/>
      <line num="28" count="17" type="stmt"/>
      <line num="31" count="17" type="stmt"/>
      <line num="39" count="17" type="cond" truecount="1" falsecount="0"/>
      <line num="41" count="17" type="cond" truecount="2" falsecount="0"/>
      <line num="42" count="13" type="stmt"/>
      <line num="43" count="13" type="stmt"/>
      <line num="44" count="13" type="stmt"/>
      <line num="45" count="13" type="stmt"/>
      <line num="46" count="4" type="cond" truecount="2" falsecount="0"/>
      <line num="47" count="3" type="stmt"/>
      <line num="48" count="2" type="stmt"/>
      <line num="52" count="17" type="stmt"/>
      <line num="54" count="4" type="stmt"/>
    </file>
    <file name="middlewares.ts" path="/Users/ncardez/projects/pxt/src/middlewares.ts">
      <metrics statements="6" coveredstatements="6" conditionals="0" coveredconditionals="0" methods="3" coveredmethods="3"/>
      <line num="3" count="1" type="stmt"/>
      <line num="4" count="1" type="stmt"/>
      <line num="7" count="1" type="stmt"/>
      <line num="8" count="1" type="stmt"/>
      <line num="11" count="1" type="stmt"/>
      <line num="12" count="1" type="stmt"/>
    </file>
    <file name="repository.ts" path="/Users/ncardez/projects/pxt/src/repository.ts">
      <metrics statements="72" coveredstatements="72" conditionals="31" coveredconditionals="31" methods="15" coveredmethods="15"/>
      <line num="2" count="1" type="stmt"/>
      <line num="4" count="1" type="stmt"/>
      <line num="8" count="21" type="stmt"/>
      <line num="11" count="1" type="stmt"/>
      <line num="13" count="8" type="stmt"/>
      <line num="14" count="8" type="stmt"/>
      <line num="23" count="8" type="stmt"/>
      <line num="24" count="7" type="stmt"/>
      <line num="26" count="1" type="stmt"/>
      <line num="30" count="1" type="stmt"/>
      <line num="32" count="4" type="stmt"/>
      <line num="33" count="4" type="stmt"/>
      <line num="38" count="4" type="stmt"/>
      <line num="39" count="3" type="stmt"/>
      <line num="41" count="1" type="stmt"/>
      <line num="45" count="1" type="stmt"/>
      <line num="47" count="2" type="stmt"/>
      <line num="48" count="2" type="stmt"/>
      <line num="49" count="1" type="stmt"/>
      <line num="51" count="1" type="stmt"/>
      <line num="55" count="1" type="stmt"/>
      <line num="57" count="2" type="stmt"/>
      <line num="58" count="2" type="stmt"/>
      <line num="59" count="2" type="stmt"/>
      <line num="60" count="1" type="stmt"/>
      <line num="62" count="1" type="stmt"/>
      <line num="66" count="1" type="stmt"/>
      <line num="68" count="8" type="stmt"/>
      <line num="69" count="8" type="stmt"/>
      <line num="78" count="8" type="stmt"/>
      <line num="79" count="7" type="stmt"/>
      <line num="81" count="1" type="stmt"/>
      <line num="85" count="1" type="stmt"/>
      <line num="87" count="4" type="stmt"/>
      <line num="88" count="4" type="stmt"/>
      <line num="93" count="4" type="stmt"/>
      <line num="94" count="3" type="stmt"/>
      <line num="96" count="1" type="stmt"/>
      <line num="100" count="1" type="stmt"/>
      <line num="102" count="2" type="stmt"/>
      <line num="103" count="2" type="stmt"/>
      <line num="104" count="1" type="stmt"/>
      <line num="106" count="1" type="stmt"/>
      <line num="110" count="1" type="stmt"/>
      <line num="112" count="2" type="stmt"/>
      <line num="113" count="2" type="stmt"/>
      <line num="114" count="1" type="stmt"/>
      <line num="116" count="1" type="stmt"/>
      <line num="120" count="1" type="stmt"/>
      <line num="121" count="5" type="cond" truecount="2" falsecount="0"/>
      <line num="122" count="1" type="stmt"/>
      <line num="125" count="4" type="cond" truecount="2" falsecount="0"/>
      <line num="126" count="1" type="stmt"/>
      <line num="129" count="3" type="stmt"/>
      <line num="131" count="5" type="cond" truecount="2" falsecount="0"/>
      <line num="132" count="2" type="stmt"/>
      <line num="133" count="1" type="stmt"/>
      <line num="136" count="3" type="cond" truecount="1" falsecount="0"/>
      <line num="138" count="6" type="stmt"/>
      <line num="140" count="6" type="stmt"/>
      <line num="142" count="6" type="stmt"/>
      <line num="144" count="3" type="stmt"/>
      <line num="146" count="3" type="stmt"/>
      <line num="147" count="3" type="stmt"/>
      <line num="148" count="6" type="stmt"/>
      <line num="149" count="6" type="stmt"/>
      <line num="151" count="3" type="stmt"/>
      <line num="155" count="3" type="stmt"/>
      <line num="158" count="3" type="stmt"/>
      <line num="159" count="2" type="stmt"/>
      <line num="161" count="1" type="stmt"/>
      <line num="164" count="1" type="stmt"/>
    </file>
    <file name="service.ts" path="/Users/ncardez/projects/pxt/src/service.ts">
      <metrics statements="29" coveredstatements="29" conditionals="26" coveredconditionals="26" methods="7" coveredmethods="7"/>
      <line num="3" count="1" type="stmt"/>
      <line num="8" count="16" type="stmt"/>
      <line num="9" count="16" type="stmt"/>
      <line num="12" count="1" type="stmt"/>
      <line num="16" count="12" type="cond" truecount="4" falsecount="0"/>
      <line num="17" count="1" type="stmt"/>
      <line num="20" count="11" type="cond" truecount="2" falsecount="0"/>
      <line num="21" count="1" type="stmt"/>
      <line num="24" count="10" type="stmt"/>
      <line num="25" count="10" type="stmt"/>
      <line num="27" count="1" type="stmt"/>
      <line num="30" count="9" type="cond" truecount="4" falsecount="0"/>
      <line num="31" count="2" type="stmt"/>
      <line num="34" count="7" type="cond" truecount="4" falsecount="0"/>
      <line num="36" count="2" type="stmt"/>
      <line num="39" count="5" type="cond" truecount="4" falsecount="0"/>
      <line num="41" count="2" type="stmt"/>
      <line num="45" count="3" type="stmt"/>
      <line num="46" count="3" type="stmt"/>
      <line num="52" count="1" type="stmt"/>
      <line num="55" count="1" type="stmt"/>
      <line num="56" count="2" type="cond" truecount="2" falsecount="0"/>
      <line num="59" count="1" type="stmt"/>
      <line num="60" count="2" type="cond" truecount="2" falsecount="0"/>
      <line num="63" count="1" type="stmt"/>
      <line num="64" count="2" type="cond" truecount="2" falsecount="0"/>
      <line num="67" count="1" type="stmt"/>
      <line num="68" count="2" type="cond" truecount="2" falsecount="0"/>
      <line num="70" count="1" type="stmt"/>
    </file>
  </project>
</coverage>
