{"/Users/ncardez/projects/pxt/src/db.ts": {"path":"/Users/ncardez/projects/pxt/src/db.ts","statementMap":{"0":{"start":{"line":1,"column":0},"end":{"line":1,"column":29}},"1":{"start":{"line":2,"column":0},"end":{"line":2,"column":29}},"2":{"start":{"line":3,"column":0},"end":{"line":3,"column":38}},"3":{"start":{"line":5,"column":0},"end":{"line":5,"column":13}},"4":{"start":{"line":8,"column":2},"end":{"line":8,"column":null}},"5":{"start":{"line":42,"column":2},"end":{"line":54,"column":null}},"6":{"start":{"line":42,"column":2},"end":{"line":42,"column":5}},"7":{"start":{"line":43,"column":4},"end":{"line":53,"column":7}},"8":{"start":{"line":44,"column":19},"end":{"line":44,"column":43}},"9":{"start":{"line":45,"column":6},"end":{"line":45,"column":25}},"10":{"start":{"line":45,"column":15},"end":{"line":45,"column":25}},"11":{"start":{"line":46,"column":6},"end":{"line":52,"column":9}},"12":{"start":{"line":47,"column":8},"end":{"line":51,"column":null}},"13":{"start":{"line":48,"column":10},"end":{"line":48,"column":20}},"14":{"start":{"line":50,"column":10},"end":{"line":50,"column":24}},"15":{"start":{"line":56,"column":2},"end":{"line":68,"column":null}},"16":{"start":{"line":56,"column":2},"end":{"line":56,"column":5}},"17":{"start":{"line":57,"column":4},"end":{"line":67,"column":7}},"18":{"start":{"line":58,"column":19},"end":{"line":58,"column":43}},"19":{"start":{"line":59,"column":6},"end":{"line":59,"column":25}},"20":{"start":{"line":59,"column":15},"end":{"line":59,"column":25}},"21":{"start":{"line":60,"column":6},"end":{"line":66,"column":9}},"22":{"start":{"line":61,"column":8},"end":{"line":65,"column":null}},"23":{"start":{"line":62,"column":10},"end":{"line":62,"column":20}},"24":{"start":{"line":64,"column":10},"end":{"line":64,"column":23}},"25":{"start":{"line":70,"column":2},"end":{"line":82,"column":null}},"26":{"start":{"line":70,"column":2},"end":{"line":70,"column":5}},"27":{"start":{"line":71,"column":4},"end":{"line":81,"column":7}},"28":{"start":{"line":72,"column":19},"end":{"line":72,"column":43}},"29":{"start":{"line":73,"column":6},"end":{"line":73,"column":25}},"30":{"start":{"line":73,"column":15},"end":{"line":73,"column":25}},"31":{"start":{"line":74,"column":6},"end":{"line":80,"column":9}},"32":{"start":{"line":75,"column":8},"end":{"line":79,"column":null}},"33":{"start":{"line":76,"column":10},"end":{"line":76,"column":20}},"34":{"start":{"line":78,"column":10},"end":{"line":78,"column":17}},"35":{"start":{"line":84,"column":2},"end":{"line":94,"column":null}},"36":{"start":{"line":84,"column":17},"end":{"line":84,"column":null}},"37":{"start":{"line":85,"column":16},"end":{"line":91,"column":13}},"38":{"start":{"line":93,"column":4},"end":{"line":93,"column":58}},"39":{"start":{"line":96,"column":2},"end":{"line":160,"column":null}},"40":{"start":{"line":97,"column":37},"end":{"line":104,"column":6}},"41":{"start":{"line":112,"column":8},"end":{"line":119,"column":6}},"42":{"start":{"line":121,"column":4},"end":{"line":157,"column":null}},"43":{"start":{"line":122,"column":6},"end":{"line":156,"column":null}},"44":{"start":{"line":123,"column":8},"end":{"line":146,"column":null}},"45":{"start":{"line":124,"column":10},"end":{"line":126,"column":null}},"46":{"start":{"line":125,"column":12},"end":{"line":125,"column":44}},"47":{"start":{"line":127,"column":10},"end":{"line":129,"column":null}},"48":{"start":{"line":128,"column":12},"end":{"line":128,"column":51}},"49":{"start":{"line":131,"column":10},"end":{"line":135,"column":null}},"50":{"start":{"line":132,"column":12},"end":{"line":134,"column":null}},"51":{"start":{"line":133,"column":14},"end":{"line":133,"column":56}},"52":{"start":{"line":137,"column":10},"end":{"line":139,"column":null}},"53":{"start":{"line":138,"column":12},"end":{"line":138,"column":58}},"54":{"start":{"line":141,"column":10},"end":{"line":145,"column":null}},"55":{"start":{"line":142,"column":12},"end":{"line":144,"column":null}},"56":{"start":{"line":143,"column":14},"end":{"line":143,"column":54}},"57":{"start":{"line":148,"column":8},"end":{"line":155,"column":null}},"58":{"start":{"line":149,"column":10},"end":{"line":154,"column":null}},"59":{"start":{"line":150,"column":24},"end":{"line":150,"column":65}},"60":{"start":{"line":151,"column":12},"end":{"line":153,"column":null}},"61":{"start":{"line":152,"column":14},"end":{"line":152,"column":66}},"62":{"start":{"line":159,"column":4},"end":{"line":159,"column":19}},"63":{"start":{"line":161,"column":0},"end":{"line":161,"column":null}},"64":{"start":{"line":5,"column":13},"end":{"line":5,"column":21}}},"fnMap":{"0":{"name":"(anonymous_1)","decl":{"start":{"line":5,"column":0},"end":{"line":5,"column":13}},"loc":{"start":{"line":5,"column":0},"end":{"line":161,"column":null}}},"1":{"name":"Database","decl":{"start":{"line":8,"column":2},"end":{"line":8,"column":null}},"loc":{"start":{"line":8,"column":2},"end":{"line":40,"column":3}}},"2":{"name":"(anonymous_3)","decl":{"start":{"line":42,"column":2},"end":{"line":42,"column":5}},"loc":{"start":{"line":42,"column":44},"end":{"line":54,"column":3}}},"3":{"name":"(anonymous_4)","decl":{"start":{"line":43,"column":30},"end":{"line":43,"column":31}},"loc":{"start":{"line":43,"column":41},"end":{"line":53,"column":5}}},"4":{"name":"(anonymous_5)","decl":{"start":{"line":46,"column":26},"end":{"line":46,"column":27}},"loc":{"start":{"line":46,"column":53},"end":{"line":52,"column":7}}},"5":{"name":"(anonymous_6)","decl":{"start":{"line":56,"column":2},"end":{"line":56,"column":5}},"loc":{"start":{"line":56,"column":44},"end":{"line":68,"column":3}}},"6":{"name":"(anonymous_7)","decl":{"start":{"line":57,"column":28},"end":{"line":57,"column":29}},"loc":{"start":{"line":57,"column":39},"end":{"line":67,"column":5}}},"7":{"name":"(anonymous_8)","decl":{"start":{"line":60,"column":26},"end":{"line":60,"column":27}},"loc":{"start":{"line":60,"column":50},"end":{"line":66,"column":7}}},"8":{"name":"(anonymous_9)","decl":{"start":{"line":70,"column":2},"end":{"line":70,"column":5}},"loc":{"start":{"line":70,"column":44},"end":{"line":82,"column":3}}},"9":{"name":"(anonymous_10)","decl":{"start":{"line":71,"column":34},"end":{"line":71,"column":35}},"loc":{"start":{"line":71,"column":45},"end":{"line":81,"column":5}}},"10":{"name":"(anonymous_11)","decl":{"start":{"line":74,"column":33},"end":{"line":74,"column":34}},"loc":{"start":{"line":74,"column":44},"end":{"line":80,"column":7}}},"11":{"name":"(anonymous_12)","decl":{"start":{"line":84,"column":2},"end":{"line":84,"column":16}},"loc":{"start":{"line":84,"column":34},"end":{"line":94,"column":3}}},"12":{"name":"(anonymous_13)","decl":{"start":{"line":96,"column":2},"end":{"line":96,"column":12}},"loc":{"start":{"line":96,"column":43},"end":{"line":160,"column":3}}}},"branchMap":{"0":{"loc":{"start":{"line":45,"column":6},"end":{"line":45,"column":25}},"type":"if","locations":[{"start":{"line":45,"column":6},"end":{"line":45,"column":25}},{"start":{"line":45,"column":6},"end":{"line":45,"column":25}}]},"1":{"loc":{"start":{"line":47,"column":8},"end":{"line":51,"column":null}},"type":"if","locations":[{"start":{"line":47,"column":8},"end":{"line":51,"column":null}},{"start":{"line":47,"column":8},"end":{"line":51,"column":null}}]},"2":{"loc":{"start":{"line":59,"column":6},"end":{"line":59,"column":25}},"type":"if","locations":[{"start":{"line":59,"column":6},"end":{"line":59,"column":25}},{"start":{"line":59,"column":6},"end":{"line":59,"column":25}}]},"3":{"loc":{"start":{"line":61,"column":8},"end":{"line":65,"column":null}},"type":"if","locations":[{"start":{"line":61,"column":8},"end":{"line":65,"column":null}},{"start":{"line":61,"column":8},"end":{"line":65,"column":null}}]},"4":{"loc":{"start":{"line":73,"column":6},"end":{"line":73,"column":25}},"type":"if","locations":[{"start":{"line":73,"column":6},"end":{"line":73,"column":25}},{"start":{"line":73,"column":6},"end":{"line":73,"column":25}}]},"5":{"loc":{"start":{"line":75,"column":8},"end":{"line":79,"column":null}},"type":"if","locations":[{"start":{"line":75,"column":8},"end":{"line":79,"column":null}},{"start":{"line":75,"column":8},"end":{"line":79,"column":null}}]},"6":{"loc":{"start":{"line":84,"column":17},"end":{"line":84,"column":null}},"type":"if","locations":[{"start":{"line":84,"column":17},"end":{"line":84,"column":null}},{"start":{"line":84,"column":17},"end":{"line":84,"column":null}}]},"7":{"loc":{"start":{"line":93,"column":31},"end":{"line":93,"column":34}},"type":"cond-expr","locations":[{"start":{"line":93,"column":31},"end":{"line":93,"column":34}},{"start":{"line":93,"column":37},"end":{"line":93,"column":57}}]},"8":{"loc":{"start":{"line":93,"column":43},"end":{"line":93,"column":52}},"type":"cond-expr","locations":[{"start":{"line":93,"column":43},"end":{"line":93,"column":52}},{"start":{"line":93,"column":55},"end":{"line":93,"column":57}}]},"9":{"loc":{"start":{"line":122,"column":6},"end":{"line":156,"column":null}},"type":"if","locations":[{"start":{"line":122,"column":6},"end":{"line":156,"column":null}},{"start":{"line":122,"column":6},"end":{"line":156,"column":null}}]},"10":{"loc":{"start":{"line":123,"column":8},"end":{"line":146,"column":null}},"type":"if","locations":[{"start":{"line":123,"column":8},"end":{"line":146,"column":null}},{"start":{"line":123,"column":8},"end":{"line":146,"column":null}}]},"11":{"loc":{"start":{"line":124,"column":10},"end":{"line":126,"column":null}},"type":"if","locations":[{"start":{"line":124,"column":10},"end":{"line":126,"column":null}},{"start":{"line":124,"column":10},"end":{"line":126,"column":null}}]},"12":{"loc":{"start":{"line":127,"column":10},"end":{"line":129,"column":null}},"type":"if","locations":[{"start":{"line":127,"column":10},"end":{"line":129,"column":null}},{"start":{"line":127,"column":10},"end":{"line":129,"column":null}}]},"13":{"loc":{"start":{"line":131,"column":10},"end":{"line":135,"column":null}},"type":"if","locations":[{"start":{"line":131,"column":10},"end":{"line":135,"column":null}},{"start":{"line":131,"column":10},"end":{"line":135,"column":null}}]},"14":{"loc":{"start":{"line":132,"column":12},"end":{"line":134,"column":null}},"type":"if","locations":[{"start":{"line":132,"column":12},"end":{"line":134,"column":null}},{"start":{"line":132,"column":12},"end":{"line":134,"column":null}}]},"15":{"loc":{"start":{"line":137,"column":10},"end":{"line":139,"column":null}},"type":"if","locations":[{"start":{"line":137,"column":10},"end":{"line":139,"column":null}},{"start":{"line":137,"column":10},"end":{"line":139,"column":null}}]},"16":{"loc":{"start":{"line":141,"column":10},"end":{"line":145,"column":null}},"type":"if","locations":[{"start":{"line":141,"column":10},"end":{"line":145,"column":null}},{"start":{"line":141,"column":10},"end":{"line":145,"column":null}}]},"17":{"loc":{"start":{"line":142,"column":12},"end":{"line":144,"column":null}},"type":"if","locations":[{"start":{"line":142,"column":12},"end":{"line":144,"column":null}},{"start":{"line":142,"column":12},"end":{"line":144,"column":null}}]},"18":{"loc":{"start":{"line":148,"column":8},"end":{"line":155,"column":null}},"type":"if","locations":[{"start":{"line":148,"column":8},"end":{"line":155,"column":null}},{"start":{"line":148,"column":8},"end":{"line":155,"column":null}}]},"19":{"loc":{"start":{"line":149,"column":10},"end":{"line":154,"column":null}},"type":"if","locations":[{"start":{"line":149,"column":10},"end":{"line":154,"column":null}},{"start":{"line":149,"column":10},"end":{"line":154,"column":null}}]},"20":{"loc":{"start":{"line":149,"column":14},"end":{"line":149,"column":35}},"type":"binary-expr","locations":[{"start":{"line":149,"column":14},"end":{"line":149,"column":35}},{"start":{"line":149,"column":39},"end":{"line":149,"column":60}}]},"21":{"loc":{"start":{"line":151,"column":12},"end":{"line":153,"column":null}},"type":"if","locations":[{"start":{"line":151,"column":12},"end":{"line":153,"column":null}},{"start":{"line":151,"column":12},"end":{"line":153,"column":null}}]}},"s":{"0":2,"1":2,"2":2,"3":2,"4":36,"5":2,"6":3,"7":3,"8":3,"9":3,"10":1,"11":3,"12":3,"13":1,"14":2,"15":2,"16":3,"17":3,"18":3,"19":3,"20":1,"21":3,"22":3,"23":1,"24":2,"25":2,"26":3,"27":3,"28":3,"29":3,"30":1,"31":3,"32":3,"33":1,"34":2,"35":2,"36":16,"37":15,"38":15,"39":2,"40":49,"41":49,"42":49,"43":48,"44":47,"45":33,"46":3,"47":33,"48":6,"49":33,"50":6,"51":3,"52":33,"53":3,"54":33,"55":7,"56":6,"57":47,"58":10,"59":5,"60":5,"61":4,"62":49,"63":2,"64":2},"f":{"0":2,"1":36,"2":3,"3":3,"4":3,"5":3,"6":3,"7":3,"8":3,"9":3,"10":3,"11":15,"12":49},"b":{"0":[1,2],"1":[1,2],"2":[1,2],"3":[1,2],"4":[1,2],"5":[1,2],"6":[1,14],"7":[10,5],"8":[2,3],"9":[47,1],"10":[33,14],"11":[3,30],"12":[6,27],"13":[6,27],"14":[3,3],"15":[3,30],"16":[7,26],"17":[6,1],"18":[10,37],"19":[5,5],"20":[10,8],"21":[4,1]}}
,"/Users/ncardez/projects/pxt/src/helpers.ts": {"path":"/Users/ncardez/projects/pxt/src/helpers.ts","statementMap":{"0":{"start":{"line":3,"column":0},"end":{"line":3,"column":29}},"1":{"start":{"line":10,"column":2},"end":{"line":24,"column":null}},"2":{"start":{"line":11,"column":4},"end":{"line":23,"column":7}},"3":{"start":{"line":12,"column":6},"end":{"line":22,"column":null}},"4":{"start":{"line":13,"column":8},"end":{"line":19,"column":11}},"5":{"start":{"line":14,"column":10},"end":{"line":18,"column":null}},"6":{"start":{"line":15,"column":12},"end":{"line":15,"column":70}},"7":{"start":{"line":17,"column":12},"end":{"line":17,"column":23}},"8":{"start":{"line":21,"column":8},"end":{"line":21,"column":68}},"9":{"start":{"line":5,"column":0},"end":{"line":5,"column":16}},"10":{"start":{"line":27,"column":0},"end":{"line":27,"column":null}},"11":{"start":{"line":27,"column":31},"end":{"line":27,"column":36}},"12":{"start":{"line":39,"column":4},"end":{"line":39,"column":null}},"13":{"start":{"line":28,"column":2},"end":{"line":28,"column":33}},"14":{"start":{"line":31,"column":2},"end":{"line":31,"column":25}},"15":{"start":{"line":41,"column":4},"end":{"line":50,"column":null}},"16":{"start":{"line":42,"column":6},"end":{"line":42,"column":36}},"17":{"start":{"line":43,"column":6},"end":{"line":43,"column":25}},"18":{"start":{"line":44,"column":6},"end":{"line":44,"column":28}},"19":{"start":{"line":45,"column":6},"end":{"line":45,"column":27}},"20":{"start":{"line":46,"column":11},"end":{"line":50,"column":null}},"21":{"start":{"line":47,"column":6},"end":{"line":49,"column":null}},"22":{"start":{"line":48,"column":8},"end":{"line":48,"column":33}},"23":{"start":{"line":52,"column":4},"end":{"line":52,"column":45}},"24":{"start":{"line":54,"column":0},"end":{"line":54,"column":null}},"25":{"start":{"line":27,"column":13},"end":{"line":27,"column":22}}},"fnMap":{"0":{"name":"csvParser","decl":{"start":{"line":5,"column":16},"end":{"line":5,"column":25}},"loc":{"start":{"line":9,"column":9},"end":{"line":25,"column":1}}},"1":{"name":"(anonymous_8)","decl":{"start":{"line":10,"column":9},"end":{"line":10,"column":19}},"loc":{"start":{"line":10,"column":54},"end":{"line":24,"column":3}}},"2":{"name":"(anonymous_9)","decl":{"start":{"line":11,"column":28},"end":{"line":11,"column":29}},"loc":{"start":{"line":11,"column":39},"end":{"line":23,"column":5}}},"3":{"name":"(anonymous_10)","decl":{"start":{"line":13,"column":27},"end":{"line":13,"column":28}},"loc":{"start":{"line":13,"column":37},"end":{"line":19,"column":9}}},"4":{"name":"(anonymous_11)","decl":{"start":{"line":27,"column":0},"end":{"line":27,"column":13}},"loc":{"start":{"line":27,"column":0},"end":{"line":54,"column":null}}},"5":{"name":"HttpError","decl":{"start":{"line":38,"column":2},"end":{"line":38,"column":14}},"loc":{"start":{"line":38,"column":68},"end":{"line":53,"column":3}}}},"branchMap":{"0":{"loc":{"start":{"line":14,"column":10},"end":{"line":18,"column":null}},"type":"if","locations":[{"start":{"line":14,"column":10},"end":{"line":18,"column":null}},{"start":{"line":14,"column":10},"end":{"line":18,"column":null}}]},"1":{"loc":{"start":{"line":39,"column":4},"end":{"line":39,"column":18}},"type":"binary-expr","locations":[{"start":{"line":39,"column":4},"end":{"line":39,"column":18}}]},"2":{"loc":{"start":{"line":41,"column":4},"end":{"line":50,"column":null}},"type":"if","locations":[{"start":{"line":41,"column":4},"end":{"line":50,"column":null}},{"start":{"line":41,"column":4},"end":{"line":50,"column":null}}]},"3":{"loc":{"start":{"line":46,"column":11},"end":{"line":50,"column":null}},"type":"if","locations":[{"start":{"line":46,"column":11},"end":{"line":50,"column":null}},{"start":{"line":46,"column":11},"end":{"line":50,"column":null}}]}},"s":{"0":4,"1":6,"2":6,"3":6,"4":6,"5":4,"6":2,"7":2,"8":1,"9":4,"10":4,"11":4,"12":17,"13":17,"14":17,"15":17,"16":13,"17":13,"18":13,"19":13,"20":4,"21":3,"22":2,"23":17,"24":4,"25":4},"f":{"0":6,"1":6,"2":6,"3":4,"4":4,"5":17},"b":{"0":[2,2],"1":[17],"2":[13,4],"3":[3,1]}}
,"/Users/ncardez/projects/pxt/src/middlewares.ts": {"path":"/Users/ncardez/projects/pxt/src/middlewares.ts","statementMap":{"0":{"start":{"line":4,"column":2},"end":{"line":4,"column":32}},"1":{"start":{"line":3,"column":0},"end":{"line":3,"column":16}},"2":{"start":{"line":8,"column":2},"end":{"line":8,"column":41}},"3":{"start":{"line":7,"column":0},"end":{"line":7,"column":16}},"4":{"start":{"line":12,"column":2},"end":{"line":12,"column":35}},"5":{"start":{"line":11,"column":0},"end":{"line":11,"column":16}}},"fnMap":{"0":{"name":"notFound","decl":{"start":{"line":3,"column":16},"end":{"line":3,"column":24}},"loc":{"start":{"line":3,"column":68},"end":{"line":5,"column":1}}},"1":{"name":"notAllowed","decl":{"start":{"line":7,"column":16},"end":{"line":7,"column":26}},"loc":{"start":{"line":7,"column":70},"end":{"line":9,"column":1}}},"2":{"name":"error","decl":{"start":{"line":11,"column":16},"end":{"line":11,"column":21}},"loc":{"start":{"line":11,"column":76},"end":{"line":13,"column":1}}}},"branchMap":{},"s":{"0":1,"1":1,"2":1,"3":1,"4":1,"5":1},"f":{"0":1,"1":1,"2":1},"b":{}}
,"/Users/ncardez/projects/pxt/src/repository.ts": {"path":"/Users/ncardez/projects/pxt/src/repository.ts","statementMap":{"0":{"start":{"line":2,"column":0},"end":{"line":2,"column":38}},"1":{"start":{"line":4,"column":0},"end":{"line":4,"column":13}},"2":{"start":{"line":8,"column":4},"end":{"line":8,"column":17}},"3":{"start":{"line":11,"column":8},"end":{"line":28,"column":null}},"4":{"start":{"line":13,"column":12},"end":{"line":13,"column":48}},"5":{"start":{"line":14,"column":12},"end":{"line":22,"column":8}},"6":{"start":{"line":23,"column":21},"end":{"line":23,"column":null}},"7":{"start":{"line":23,"column":12},"end":{"line":23,"column":null}},"8":{"start":{"line":24,"column":6},"end":{"line":24,"column":20}},"9":{"start":{"line":26,"column":6},"end":{"line":26,"column":63}},"10":{"start":{"line":30,"column":8},"end":{"line":43,"column":null}},"11":{"start":{"line":32,"column":12},"end":{"line":32,"column":48}},"12":{"start":{"line":33,"column":12},"end":{"line":37,"column":8}},"13":{"start":{"line":38,"column":21},"end":{"line":38,"column":45}},"14":{"start":{"line":38,"column":12},"end":{"line":38,"column":45}},"15":{"start":{"line":39,"column":6},"end":{"line":39,"column":20}},"16":{"start":{"line":41,"column":6},"end":{"line":41,"column":77}},"17":{"start":{"line":45,"column":8},"end":{"line":53,"column":null}},"18":{"start":{"line":47,"column":12},"end":{"line":47,"column":67}},"19":{"start":{"line":48,"column":21},"end":{"line":48,"column":null}},"20":{"start":{"line":48,"column":12},"end":{"line":48,"column":null}},"21":{"start":{"line":49,"column":6},"end":{"line":49,"column":20}},"22":{"start":{"line":51,"column":6},"end":{"line":51,"column":76}},"23":{"start":{"line":55,"column":8},"end":{"line":64,"column":null}},"24":{"start":{"line":57,"column":12},"end":{"line":57,"column":41}},"25":{"start":{"line":58,"column":12},"end":{"line":58,"column":68}},"26":{"start":{"line":59,"column":21},"end":{"line":59,"column":45}},"27":{"start":{"line":59,"column":12},"end":{"line":59,"column":45}},"28":{"start":{"line":60,"column":6},"end":{"line":60,"column":20}},"29":{"start":{"line":62,"column":6},"end":{"line":62,"column":65}},"30":{"start":{"line":66,"column":8},"end":{"line":83,"column":null}},"31":{"start":{"line":68,"column":12},"end":{"line":68,"column":48}},"32":{"start":{"line":69,"column":12},"end":{"line":77,"column":8}},"33":{"start":{"line":78,"column":21},"end":{"line":78,"column":45}},"34":{"start":{"line":78,"column":12},"end":{"line":78,"column":45}},"35":{"start":{"line":79,"column":6},"end":{"line":79,"column":20}},"36":{"start":{"line":81,"column":6},"end":{"line":81,"column":62}},"37":{"start":{"line":85,"column":8},"end":{"line":98,"column":null}},"38":{"start":{"line":87,"column":12},"end":{"line":87,"column":48}},"39":{"start":{"line":88,"column":12},"end":{"line":92,"column":8}},"40":{"start":{"line":93,"column":21},"end":{"line":93,"column":null}},"41":{"start":{"line":93,"column":12},"end":{"line":93,"column":null}},"42":{"start":{"line":94,"column":6},"end":{"line":94,"column":20}},"43":{"start":{"line":96,"column":6},"end":{"line":96,"column":69}},"44":{"start":{"line":100,"column":8},"end":{"line":108,"column":null}},"45":{"start":{"line":102,"column":12},"end":{"line":102,"column":50}},"46":{"start":{"line":103,"column":21},"end":{"line":103,"column":45}},"47":{"start":{"line":103,"column":12},"end":{"line":103,"column":45}},"48":{"start":{"line":104,"column":6},"end":{"line":104,"column":20}},"49":{"start":{"line":106,"column":6},"end":{"line":106,"column":76}},"50":{"start":{"line":110,"column":8},"end":{"line":118,"column":null}},"51":{"start":{"line":112,"column":12},"end":{"line":112,"column":66}},"52":{"start":{"line":113,"column":21},"end":{"line":113,"column":null}},"53":{"start":{"line":113,"column":12},"end":{"line":113,"column":null}},"54":{"start":{"line":114,"column":6},"end":{"line":114,"column":20}},"55":{"start":{"line":116,"column":6},"end":{"line":116,"column":70}},"56":{"start":{"line":120,"column":8},"end":{"line":163,"column":null}},"57":{"start":{"line":121,"column":4},"end":{"line":123,"column":null}},"58":{"start":{"line":122,"column":6},"end":{"line":122,"column":49}},"59":{"start":{"line":125,"column":4},"end":{"line":127,"column":null}},"60":{"start":{"line":126,"column":6},"end":{"line":126,"column":47}},"61":{"start":{"line":129,"column":19},"end":{"line":129,"column":null}},"62":{"start":{"line":129,"column":8},"end":{"line":129,"column":null}},"63":{"start":{"line":131,"column":8},"end":{"line":131,"column":9}},"64":{"start":{"line":132,"column":6},"end":{"line":132,"column":40}},"65":{"start":{"line":133,"column":17},"end":{"line":133,"column":63}},"66":{"start":{"line":133,"column":6},"end":{"line":133,"column":63}},"67":{"start":{"line":136,"column":27},"end":{"line":136,"column":null}},"68":{"start":{"line":136,"column":10},"end":{"line":136,"column":null}},"69":{"start":{"line":138,"column":10},"end":{"line":138,"column":75}},"70":{"start":{"line":138,"column":62},"end":{"line":138,"column":74}},"71":{"start":{"line":140,"column":10},"end":{"line":140,"column":79}},"72":{"start":{"line":140,"column":57},"end":{"line":140,"column":78}},"73":{"start":{"line":142,"column":4},"end":{"line":142,"column":70}},"74":{"start":{"line":142,"column":41},"end":{"line":142,"column":68}},"75":{"start":{"line":144,"column":10},"end":{"line":144,"column":53}},"76":{"start":{"line":146,"column":10},"end":{"line":152,"column":17}},"77":{"start":{"line":147,"column":29},"end":{"line":147,"column":31}},"78":{"start":{"line":148,"column":6},"end":{"line":150,"column":null}},"79":{"start":{"line":148,"column":27},"end":{"line":148,"column":33}},"80":{"start":{"line":148,"column":27},"end":{"line":148,"column":41}},"81":{"start":{"line":148,"column":23},"end":{"line":148,"column":27}},"82":{"start":{"line":149,"column":8},"end":{"line":149,"column":38}},"83":{"start":{"line":151,"column":6},"end":{"line":151,"column":53}},"84":{"start":{"line":155,"column":12},"end":{"line":157,"column":26}},"85":{"start":{"line":158,"column":21},"end":{"line":158,"column":null}},"86":{"start":{"line":158,"column":12},"end":{"line":158,"column":null}},"87":{"start":{"line":159,"column":6},"end":{"line":159,"column":20}},"88":{"start":{"line":161,"column":6},"end":{"line":161,"column":65}},"89":{"start":{"line":164,"column":0},"end":{"line":164,"column":null}},"90":{"start":{"line":4,"column":13},"end":{"line":4,"column":23}}},"fnMap":{"0":{"name":"(anonymous_13)","decl":{"start":{"line":4,"column":0},"end":{"line":4,"column":13}},"loc":{"start":{"line":4,"column":0},"end":{"line":164,"column":null}}},"1":{"name":"Repository","decl":{"start":{"line":7,"column":2},"end":{"line":7,"column":14}},"loc":{"start":{"line":7,"column":27},"end":{"line":9,"column":3}}},"2":{"name":"(anonymous_15)","decl":{"start":{"line":11,"column":2},"end":{"line":11,"column":8}},"loc":{"start":{"line":11,"column":31},"end":{"line":28,"column":null}}},"3":{"name":"(anonymous_18)","decl":{"start":{"line":30,"column":2},"end":{"line":30,"column":8}},"loc":{"start":{"line":30,"column":42},"end":{"line":43,"column":null}}},"4":{"name":"(anonymous_21)","decl":{"start":{"line":45,"column":2},"end":{"line":45,"column":8}},"loc":{"start":{"line":45,"column":38},"end":{"line":53,"column":null}}},"5":{"name":"(anonymous_24)","decl":{"start":{"line":55,"column":2},"end":{"line":55,"column":8}},"loc":{"start":{"line":55,"column":32},"end":{"line":64,"column":null}}},"6":{"name":"(anonymous_27)","decl":{"start":{"line":66,"column":2},"end":{"line":66,"column":8}},"loc":{"start":{"line":66,"column":30},"end":{"line":83,"column":null}}},"7":{"name":"(anonymous_30)","decl":{"start":{"line":85,"column":2},"end":{"line":85,"column":8}},"loc":{"start":{"line":85,"column":41},"end":{"line":98,"column":null}}},"8":{"name":"(anonymous_33)","decl":{"start":{"line":100,"column":2},"end":{"line":100,"column":8}},"loc":{"start":{"line":100,"column":2},"end":{"line":108,"column":null}}},"9":{"name":"(anonymous_36)","decl":{"start":{"line":110,"column":2},"end":{"line":110,"column":8}},"loc":{"start":{"line":110,"column":37},"end":{"line":118,"column":null}}},"10":{"name":"(anonymous_39)","decl":{"start":{"line":120,"column":2},"end":{"line":120,"column":8}},"loc":{"start":{"line":120,"column":51},"end":{"line":163,"column":null}}},"11":{"name":"(anonymous_42)","decl":{"start":{"line":138,"column":50},"end":{"line":138,"column":51}},"loc":{"start":{"line":138,"column":57},"end":{"line":138,"column":68}}},"12":{"name":"(anonymous_43)","decl":{"start":{"line":140,"column":42},"end":{"line":140,"column":43}},"loc":{"start":{"line":140,"column":52},"end":{"line":140,"column":58}}},"13":{"name":"(anonymous_44)","decl":{"start":{"line":142,"column":34},"end":{"line":142,"column":37}},"loc":{"start":{"line":142,"column":37},"end":{"line":142,"column":45}}},"14":{"name":"(anonymous_45)","decl":{"start":{"line":146,"column":36},"end":{"line":146,"column":37}},"loc":{"start":{"line":146,"column":45},"end":{"line":152,"column":5}}}},"branchMap":{"0":{"loc":{"start":{"line":17,"column":25},"end":{"line":17,"column":48}},"type":"cond-expr","locations":[{"start":{"line":17,"column":25},"end":{"line":17,"column":48}},{"start":{"line":17,"column":51},"end":{"line":17,"column":53}}]},"1":{"loc":{"start":{"line":18,"column":28},"end":{"line":18,"column":43}},"type":"cond-expr","locations":[{"start":{"line":18,"column":28},"end":{"line":18,"column":43}},{"start":{"line":18,"column":46},"end":{"line":18,"column":48}}]},"2":{"loc":{"start":{"line":19,"column":25},"end":{"line":19,"column":37}},"type":"cond-expr","locations":[{"start":{"line":19,"column":25},"end":{"line":19,"column":37}},{"start":{"line":19,"column":40},"end":{"line":19,"column":42}}]},"3":{"loc":{"start":{"line":20,"column":26},"end":{"line":20,"column":39}},"type":"cond-expr","locations":[{"start":{"line":20,"column":26},"end":{"line":20,"column":39}},{"start":{"line":20,"column":42},"end":{"line":20,"column":44}}]},"4":{"loc":{"start":{"line":21,"column":27},"end":{"line":21,"column":41}},"type":"cond-expr","locations":[{"start":{"line":21,"column":27},"end":{"line":21,"column":41}},{"start":{"line":21,"column":44},"end":{"line":21,"column":46}}]},"5":{"loc":{"start":{"line":34,"column":35},"end":{"line":34,"column":50}},"type":"cond-expr","locations":[{"start":{"line":34,"column":35},"end":{"line":34,"column":50}},{"start":{"line":34,"column":53},"end":{"line":34,"column":56}}]},"6":{"loc":{"start":{"line":72,"column":25},"end":{"line":72,"column":48}},"type":"cond-expr","locations":[{"start":{"line":72,"column":25},"end":{"line":72,"column":48}},{"start":{"line":72,"column":51},"end":{"line":72,"column":53}}]},"7":{"loc":{"start":{"line":73,"column":28},"end":{"line":73,"column":43}},"type":"cond-expr","locations":[{"start":{"line":73,"column":28},"end":{"line":73,"column":43}},{"start":{"line":73,"column":46},"end":{"line":73,"column":48}}]},"8":{"loc":{"start":{"line":74,"column":25},"end":{"line":74,"column":37}},"type":"cond-expr","locations":[{"start":{"line":74,"column":25},"end":{"line":74,"column":37}},{"start":{"line":74,"column":40},"end":{"line":74,"column":42}}]},"9":{"loc":{"start":{"line":75,"column":26},"end":{"line":75,"column":39}},"type":"cond-expr","locations":[{"start":{"line":75,"column":26},"end":{"line":75,"column":39}},{"start":{"line":75,"column":42},"end":{"line":75,"column":44}}]},"10":{"loc":{"start":{"line":76,"column":27},"end":{"line":76,"column":41}},"type":"cond-expr","locations":[{"start":{"line":76,"column":27},"end":{"line":76,"column":41}},{"start":{"line":76,"column":44},"end":{"line":76,"column":46}}]},"11":{"loc":{"start":{"line":89,"column":35},"end":{"line":89,"column":50}},"type":"cond-expr","locations":[{"start":{"line":89,"column":35},"end":{"line":89,"column":50}},{"start":{"line":89,"column":53},"end":{"line":89,"column":56}}]},"12":{"loc":{"start":{"line":136,"column":27},"end":{"line":136,"column":null}},"type":"switch","locations":[{"start":{"line":136,"column":27},"end":{"line":136,"column":null}}]},"13":{"loc":{"start":{"line":121,"column":4},"end":{"line":123,"column":null}},"type":"if","locations":[{"start":{"line":121,"column":4},"end":{"line":123,"column":null}},{"start":{"line":121,"column":4},"end":{"line":123,"column":null}}]},"14":{"loc":{"start":{"line":125,"column":4},"end":{"line":127,"column":null}},"type":"if","locations":[{"start":{"line":125,"column":4},"end":{"line":127,"column":null}},{"start":{"line":125,"column":4},"end":{"line":127,"column":null}}]},"15":{"loc":{"start":{"line":131,"column":8},"end":{"line":131,"column":9}},"type":"if","locations":[{"start":{"line":131,"column":8},"end":{"line":131,"column":9}},{"start":{"line":131,"column":8},"end":{"line":131,"column":9}}]}},"s":{"0":1,"1":1,"2":21,"3":1,"4":8,"5":8,"6":8,"7":8,"8":7,"9":1,"10":1,"11":4,"12":4,"13":4,"14":4,"15":3,"16":1,"17":1,"18":2,"19":2,"20":2,"21":1,"22":1,"23":1,"24":2,"25":2,"26":2,"27":2,"28":1,"29":1,"30":1,"31":8,"32":8,"33":8,"34":8,"35":7,"36":1,"37":1,"38":4,"39":4,"40":4,"41":4,"42":3,"43":1,"44":1,"45":2,"46":2,"47":2,"48":1,"49":1,"50":1,"51":2,"52":2,"53":2,"54":1,"55":1,"56":1,"57":5,"58":1,"59":4,"60":1,"61":3,"62":3,"63":5,"64":2,"65":1,"66":1,"67":3,"68":3,"69":3,"70":6,"71":3,"72":6,"73":6,"74":6,"75":3,"76":3,"77":3,"78":3,"79":3,"80":3,"81":6,"82":6,"83":3,"84":3,"85":3,"86":3,"87":2,"88":1,"89":1,"90":1},"f":{"0":1,"1":21,"2":8,"3":4,"4":2,"5":2,"6":8,"7":4,"8":2,"9":2,"10":5,"11":6,"12":6,"13":6,"14":3},"b":{"0":[1,7],"1":[1,7],"2":[1,7],"3":[2,6],"4":[1,7],"5":[1,3],"6":[1,7],"7":[1,7],"8":[1,7],"9":[2,6],"10":[1,7],"11":[1,3],"12":[3],"13":[1,4],"14":[1,3],"15":[2,1]}}
,"/Users/ncardez/projects/pxt/src/service.ts": {"path":"/Users/ncardez/projects/pxt/src/service.ts","statementMap":{"0":{"start":{"line":3,"column":0},"end":{"line":3,"column":13}},"1":{"start":{"line":8,"column":4},"end":{"line":8,"column":33}},"2":{"start":{"line":9,"column":4},"end":{"line":9,"column":21}},"3":{"start":{"line":12,"column":8},"end":{"line":53,"column":null}},"4":{"start":{"line":16,"column":4},"end":{"line":18,"column":null}},"5":{"start":{"line":17,"column":6},"end":{"line":17,"column":49}},"6":{"start":{"line":20,"column":4},"end":{"line":22,"column":null}},"7":{"start":{"line":21,"column":6},"end":{"line":21,"column":42}},"8":{"start":{"line":24,"column":4},"end":{"line":28,"column":null}},"9":{"start":{"line":25,"column":6},"end":{"line":25,"column":50}},"10":{"start":{"line":27,"column":6},"end":{"line":27,"column":48}},"11":{"start":{"line":30,"column":4},"end":{"line":32,"column":null}},"12":{"start":{"line":31,"column":6},"end":{"line":31,"column":48}},"13":{"start":{"line":34,"column":4},"end":{"line":37,"column":null}},"14":{"start":{"line":36,"column":6},"end":{"line":36,"column":43}},"15":{"start":{"line":39,"column":4},"end":{"line":42,"column":null}},"16":{"start":{"line":41,"column":6},"end":{"line":41,"column":42}},"17":{"start":{"line":45,"column":10},"end":{"line":45,"column":51}},"18":{"start":{"line":46,"column":17},"end":{"line":49,"column":null}},"19":{"start":{"line":46,"column":10},"end":{"line":49,"column":null}},"20":{"start":{"line":52,"column":11},"end":{"line":52,"column":62}},"21":{"start":{"line":52,"column":4},"end":{"line":52,"column":62}},"22":{"start":{"line":55,"column":8},"end":{"line":57,"column":null}},"23":{"start":{"line":56,"column":11},"end":{"line":56,"column":53}},"24":{"start":{"line":56,"column":4},"end":{"line":56,"column":53}},"25":{"start":{"line":59,"column":8},"end":{"line":61,"column":null}},"26":{"start":{"line":60,"column":11},"end":{"line":60,"column":56}},"27":{"start":{"line":60,"column":4},"end":{"line":60,"column":56}},"28":{"start":{"line":63,"column":8},"end":{"line":65,"column":null}},"29":{"start":{"line":64,"column":11},"end":{"line":64,"column":52}},"30":{"start":{"line":64,"column":4},"end":{"line":64,"column":52}},"31":{"start":{"line":67,"column":8},"end":{"line":69,"column":null}},"32":{"start":{"line":68,"column":11},"end":{"line":68,"column":55}},"33":{"start":{"line":68,"column":4},"end":{"line":68,"column":55}},"34":{"start":{"line":70,"column":0},"end":{"line":70,"column":null}},"35":{"start":{"line":3,"column":13},"end":{"line":3,"column":20}}},"fnMap":{"0":{"name":"(anonymous_13)","decl":{"start":{"line":3,"column":0},"end":{"line":3,"column":13}},"loc":{"start":{"line":3,"column":0},"end":{"line":70,"column":null}}},"1":{"name":"Service","decl":{"start":{"line":7,"column":2},"end":{"line":7,"column":14}},"loc":{"start":{"line":7,"column":50},"end":{"line":10,"column":3}}},"2":{"name":"(anonymous_15)","decl":{"start":{"line":12,"column":2},"end":{"line":12,"column":8}},"loc":{"start":{"line":12,"column":41},"end":{"line":53,"column":null}}},"3":{"name":"(anonymous_18)","decl":{"start":{"line":55,"column":2},"end":{"line":55,"column":8}},"loc":{"start":{"line":55,"column":31},"end":{"line":57,"column":null}}},"4":{"name":"(anonymous_21)","decl":{"start":{"line":59,"column":2},"end":{"line":59,"column":8}},"loc":{"start":{"line":59,"column":42},"end":{"line":61,"column":null}}},"5":{"name":"(anonymous_24)","decl":{"start":{"line":63,"column":2},"end":{"line":63,"column":8}},"loc":{"start":{"line":63,"column":30},"end":{"line":65,"column":null}}},"6":{"name":"(anonymous_27)","decl":{"start":{"line":67,"column":2},"end":{"line":67,"column":8}},"loc":{"start":{"line":67,"column":41},"end":{"line":69,"column":null}}}},"branchMap":{"0":{"loc":{"start":{"line":16,"column":4},"end":{"line":18,"column":null}},"type":"if","locations":[{"start":{"line":16,"column":4},"end":{"line":18,"column":null}},{"start":{"line":16,"column":4},"end":{"line":18,"column":null}}]},"1":{"loc":{"start":{"line":16,"column":8},"end":{"line":16,"column":14}},"type":"binary-expr","locations":[{"start":{"line":16,"column":8},"end":{"line":16,"column":14}},{"start":{"line":16,"column":18},"end":{"line":16,"column":49}}]},"2":{"loc":{"start":{"line":20,"column":4},"end":{"line":22,"column":null}},"type":"if","locations":[{"start":{"line":20,"column":4},"end":{"line":22,"column":null}},{"start":{"line":20,"column":4},"end":{"line":22,"column":null}}]},"3":{"loc":{"start":{"line":30,"column":4},"end":{"line":32,"column":null}},"type":"if","locations":[{"start":{"line":30,"column":4},"end":{"line":32,"column":null}},{"start":{"line":30,"column":4},"end":{"line":32,"column":null}}]},"4":{"loc":{"start":{"line":30,"column":8},"end":{"line":30,"column":36}},"type":"binary-expr","locations":[{"start":{"line":30,"column":8},"end":{"line":30,"column":36}},{"start":{"line":30,"column":40},"end":{"line":30,"column":66}}]},"5":{"loc":{"start":{"line":34,"column":4},"end":{"line":37,"column":null}},"type":"if","locations":[{"start":{"line":34,"column":4},"end":{"line":37,"column":null}},{"start":{"line":34,"column":4},"end":{"line":37,"column":null}}]},"6":{"loc":{"start":{"line":34,"column":8},"end":{"line":34,"column":45}},"type":"binary-expr","locations":[{"start":{"line":34,"column":8},"end":{"line":34,"column":45}},{"start":{"line":35,"column":6},"end":{"line":35,"column":41}}]},"7":{"loc":{"start":{"line":39,"column":4},"end":{"line":42,"column":null}},"type":"if","locations":[{"start":{"line":39,"column":4},"end":{"line":42,"column":null}},{"start":{"line":39,"column":4},"end":{"line":42,"column":null}}]},"8":{"loc":{"start":{"line":39,"column":8},"end":{"line":39,"column":43}},"type":"binary-expr","locations":[{"start":{"line":39,"column":8},"end":{"line":39,"column":43}},{"start":{"line":40,"column":6},"end":{"line":40,"column":40}}]},"9":{"loc":{"start":{"line":56,"column":11},"end":{"line":56,"column":53}},"type":"switch","locations":[{"start":{"line":56,"column":11},"end":{"line":56,"column":53}},{"start":{"line":56,"column":4},"end":{"line":56,"column":53}}]},"10":{"loc":{"start":{"line":60,"column":11},"end":{"line":60,"column":56}},"type":"switch","locations":[{"start":{"line":60,"column":11},"end":{"line":60,"column":56}},{"start":{"line":60,"column":4},"end":{"line":60,"column":56}}]},"11":{"loc":{"start":{"line":64,"column":11},"end":{"line":64,"column":52}},"type":"switch","locations":[{"start":{"line":64,"column":11},"end":{"line":64,"column":52}},{"start":{"line":64,"column":4},"end":{"line":64,"column":52}}]},"12":{"loc":{"start":{"line":68,"column":11},"end":{"line":68,"column":55}},"type":"switch","locations":[{"start":{"line":68,"column":11},"end":{"line":68,"column":55}},{"start":{"line":68,"column":4},"end":{"line":68,"column":55}}]}},"s":{"0":1,"1":16,"2":16,"3":1,"4":12,"5":1,"6":11,"7":1,"8":10,"9":10,"10":1,"11":9,"12":2,"13":7,"14":2,"15":5,"16":2,"17":3,"18":3,"19":2,"20":1,"21":1,"22":1,"23":2,"24":2,"25":1,"26":2,"27":2,"28":1,"29":2,"30":2,"31":1,"32":2,"33":2,"34":1,"35":1},"f":{"0":1,"1":16,"2":12,"3":2,"4":2,"5":2,"6":2},"b":{"0":[1,11],"1":[12,12],"2":[1,10],"3":[2,7],"4":[9,8],"5":[2,5],"6":[7,6],"7":[2,3],"8":[5,4],"9":[2,2],"10":[2,2],"11":[2,2],"12":[2,2]}}
}
