TN:
SF:src/db.ts
FN:5,(anonymous_1)
FN:8,Database
FN:42,(anonymous_3)
FN:43,(anonymous_4)
FN:46,(anonymous_5)
FN:56,(anonymous_6)
FN:57,(anonymous_7)
FN:60,(anonymous_8)
FN:70,(anonymous_9)
FN:71,(anonymous_10)
FN:74,(anonymous_11)
FN:84,(anonymous_12)
FN:96,(anonymous_13)
FNF:13
FNH:13
FNDA:2,(anonymous_1)
FNDA:36,Database
FNDA:3,(anonymous_3)
FNDA:3,(anonymous_4)
FNDA:3,(anonymous_5)
FNDA:3,(anonymous_6)
FNDA:3,(anonymous_7)
FNDA:3,(anonymous_8)
FNDA:3,(anonymous_9)
FNDA:3,(anonymous_10)
FNDA:3,(anonymous_11)
FNDA:15,(anonymous_12)
FNDA:49,(anonymous_13)
DA:1,2
DA:2,2
DA:3,2
DA:5,2
DA:8,36
DA:42,3
DA:43,3
DA:44,3
DA:45,3
DA:46,3
DA:47,3
DA:48,1
DA:50,2
DA:56,3
DA:57,3
DA:58,3
DA:59,3
DA:60,3
DA:61,3
DA:62,1
DA:64,2
DA:70,3
DA:71,3
DA:72,3
DA:73,3
DA:74,3
DA:75,3
DA:76,1
DA:78,2
DA:84,16
DA:85,15
DA:93,15
DA:96,2
DA:97,49
DA:112,49
DA:121,49
DA:122,48
DA:123,47
DA:124,33
DA:125,3
DA:127,33
DA:128,6
DA:131,33
DA:132,6
DA:133,3
DA:137,33
DA:138,3
DA:141,33
DA:142,7
DA:143,6
DA:148,47
DA:149,10
DA:150,5
DA:151,5
DA:152,4
DA:159,49
DA:161,2
LF:57
LH:57
BRDA:45,0,0,1
BRDA:45,0,1,2
BRDA:47,1,0,1
BRDA:47,1,1,2
BRDA:59,2,0,1
BRDA:59,2,1,2
BRDA:61,3,0,1
BRDA:61,3,1,2
BRDA:73,4,0,1
BRDA:73,4,1,2
BRDA:75,5,0,1
BRDA:75,5,1,2
BRDA:84,6,0,1
BRDA:84,6,1,14
BRDA:93,7,0,10
BRDA:93,7,1,5
BRDA:93,8,0,2
BRDA:93,8,1,3
BRDA:122,9,0,47
BRDA:122,9,1,1
BRDA:123,10,0,33
BRDA:123,10,1,14
BRDA:124,11,0,3
BRDA:124,11,1,30
BRDA:127,12,0,6
BRDA:127,12,1,27
BRDA:131,13,0,6
BRDA:131,13,1,27
BRDA:132,14,0,3
BRDA:132,14,1,3
BRDA:137,15,0,3
BRDA:137,15,1,30
BRDA:141,16,0,7
BRDA:141,16,1,26
BRDA:142,17,0,6
BRDA:142,17,1,1
BRDA:148,18,0,10
BRDA:148,18,1,37
BRDA:149,19,0,5
BRDA:149,19,1,5
BRDA:149,20,0,10
BRDA:149,20,1,8
BRDA:151,21,0,4
BRDA:151,21,1,1
BRF:44
BRH:44
end_of_record
TN:
SF:src/helpers.ts
FN:5,csvParser
FN:10,(anonymous_8)
FN:11,(anonymous_9)
FN:13,(anonymous_10)
FN:27,(anonymous_11)
FN:38,HttpError
FNF:6
FNH:6
FNDA:6,csvParser
FNDA:6,(anonymous_8)
FNDA:6,(anonymous_9)
FNDA:4,(anonymous_10)
FNDA:4,(anonymous_11)
FNDA:17,HttpError
DA:3,4
DA:5,4
DA:10,6
DA:11,6
DA:12,6
DA:13,6
DA:14,4
DA:15,2
DA:17,2
DA:21,1
DA:27,4
DA:28,17
DA:31,17
DA:39,17
DA:41,17
DA:42,13
DA:43,13
DA:44,13
DA:45,13
DA:46,4
DA:47,3
DA:48,2
DA:52,17
DA:54,4
LF:24
LH:24
BRDA:14,0,0,2
BRDA:14,0,1,2
BRDA:39,1,0,17
BRDA:41,2,0,13
BRDA:41,2,1,4
BRDA:46,3,0,3
BRDA:46,3,1,1
BRF:7
BRH:7
end_of_record
TN:
SF:src/middlewares.ts
FN:3,notFound
FN:7,notAllowed
FN:11,error
FNF:3
FNH:3
FNDA:1,notFound
FNDA:1,notAllowed
FNDA:1,error
DA:3,1
DA:4,1
DA:7,1
DA:8,1
DA:11,1
DA:12,1
LF:6
LH:6
BRF:0
BRH:0
end_of_record
TN:
SF:src/repository.ts
FN:4,(anonymous_13)
FN:7,Repository
FN:11,(anonymous_15)
FN:30,(anonymous_18)
FN:45,(anonymous_21)
FN:55,(anonymous_24)
FN:66,(anonymous_27)
FN:85,(anonymous_30)
FN:100,(anonymous_33)
FN:110,(anonymous_36)
FN:120,(anonymous_39)
FN:138,(anonymous_42)
FN:140,(anonymous_43)
FN:142,(anonymous_44)
FN:146,(anonymous_45)
FNF:15
FNH:15
FNDA:1,(anonymous_13)
FNDA:21,Repository
FNDA:8,(anonymous_15)
FNDA:4,(anonymous_18)
FNDA:2,(anonymous_21)
FNDA:2,(anonymous_24)
FNDA:8,(anonymous_27)
FNDA:4,(anonymous_30)
FNDA:2,(anonymous_33)
FNDA:2,(anonymous_36)
FNDA:5,(anonymous_39)
FNDA:6,(anonymous_42)
FNDA:6,(anonymous_43)
FNDA:6,(anonymous_44)
FNDA:3,(anonymous_45)
DA:2,1
DA:4,1
DA:8,21
DA:11,1
DA:13,8
DA:14,8
DA:23,8
DA:24,7
DA:26,1
DA:30,1
DA:32,4
DA:33,4
DA:38,4
DA:39,3
DA:41,1
DA:45,1
DA:47,2
DA:48,2
DA:49,1
DA:51,1
DA:55,1
DA:57,2
DA:58,2
DA:59,2
DA:60,1
DA:62,1
DA:66,1
DA:68,8
DA:69,8
DA:78,8
DA:79,7
DA:81,1
DA:85,1
DA:87,4
DA:88,4
DA:93,4
DA:94,3
DA:96,1
DA:100,1
DA:102,2
DA:103,2
DA:104,1
DA:106,1
DA:110,1
DA:112,2
DA:113,2
DA:114,1
DA:116,1
DA:120,1
DA:121,5
DA:122,1
DA:125,4
DA:126,1
DA:129,3
DA:131,5
DA:132,2
DA:133,1
DA:136,3
DA:138,6
DA:140,6
DA:142,6
DA:144,3
DA:146,3
DA:147,3
DA:148,6
DA:149,6
DA:151,3
DA:155,3
DA:158,3
DA:159,2
DA:161,1
DA:164,1
LF:72
LH:72
BRDA:17,0,0,1
BRDA:17,0,1,7
BRDA:18,1,0,1
BRDA:18,1,1,7
BRDA:19,2,0,1
BRDA:19,2,1,7
BRDA:20,3,0,2
BRDA:20,3,1,6
BRDA:21,4,0,1
BRDA:21,4,1,7
BRDA:34,5,0,1
BRDA:34,5,1,3
BRDA:72,6,0,1
BRDA:72,6,1,7
BRDA:73,7,0,1
BRDA:73,7,1,7
BRDA:74,8,0,1
BRDA:74,8,1,7
BRDA:75,9,0,2
BRDA:75,9,1,6
BRDA:76,10,0,1
BRDA:76,10,1,7
BRDA:89,11,0,1
BRDA:89,11,1,3
BRDA:136,12,0,3
BRDA:121,13,0,1
BRDA:121,13,1,4
BRDA:125,14,0,1
BRDA:125,14,1,3
BRDA:131,15,0,2
BRDA:131,15,1,1
BRF:31
BRH:31
end_of_record
TN:
SF:src/service.ts
FN:3,(anonymous_13)
FN:7,Service
FN:12,(anonymous_15)
FN:55,(anonymous_18)
FN:59,(anonymous_21)
FN:63,(anonymous_24)
FN:67,(anonymous_27)
FNF:7
FNH:7
FNDA:1,(anonymous_13)
FNDA:16,Service
FNDA:12,(anonymous_15)
FNDA:2,(anonymous_18)
FNDA:2,(anonymous_21)
FNDA:2,(anonymous_24)
FNDA:2,(anonymous_27)
DA:3,1
DA:8,16
DA:9,16
DA:12,1
DA:16,12
DA:17,1
DA:20,11
DA:21,1
DA:24,10
DA:25,10
DA:27,1
DA:30,9
DA:31,2
DA:34,7
DA:36,2
DA:39,5
DA:41,2
DA:45,3
DA:46,3
DA:52,1
DA:55,1
DA:56,2
DA:59,1
DA:60,2
DA:63,1
DA:64,2
DA:67,1
DA:68,2
DA:70,1
LF:29
LH:29
BRDA:16,0,0,1
BRDA:16,0,1,11
BRDA:16,1,0,12
BRDA:16,1,1,12
BRDA:20,2,0,1
BRDA:20,2,1,10
BRDA:30,3,0,2
BRDA:30,3,1,7
BRDA:30,4,0,9
BRDA:30,4,1,8
BRDA:34,5,0,2
BRDA:34,5,1,5
BRDA:34,6,0,7
BRDA:34,6,1,6
BRDA:39,7,0,2
BRDA:39,7,1,3
BRDA:39,8,0,5
BRDA:39,8,1,4
BRDA:56,9,0,2
BRDA:56,9,1,2
BRDA:60,10,0,2
BRDA:60,10,1,2
BRDA:64,11,0,2
BRDA:64,11,1,2
BRDA:68,12,0,2
BRDA:68,12,1,2
BRF:26
BRH:26
end_of_record
